[debug] [2023-01-04T16:47:32.997Z] ----------------------------------------------------------------------
[debug] [2023-01-04T16:47:33.001Z] Command:       C:\Program Files\nodejs\node.exe C:\Users\Administrator\AppData\Roaming\npm\node_modules\firebase-tools\lib\bin\firebase.js deploy
[debug] [2023-01-04T16:47:33.002Z] CLI Version:   11.19.0
[debug] [2023-01-04T16:47:33.003Z] Platform:      win32
[debug] [2023-01-04T16:47:33.003Z] Node Version:  v16.13.1
[debug] [2023-01-04T16:47:33.004Z] Time:          Wed Jan 04 2023 21:47:33 GMT+0500 (Pakistan Standard Time)
[debug] [2023-01-04T16:47:33.005Z] ----------------------------------------------------------------------
[debug] 
[debug] [2023-01-04T16:47:33.132Z] > command requires scopes: ["email","openid","https://www.googleapis.com/auth/cloudplatformprojects.readonly","https://www.googleapis.com/auth/firebase","https://www.googleapis.com/auth/cloud-platform"]
[debug] [2023-01-04T16:47:33.133Z] > authorizing via signed-in user (gujjarahsan87@gmail.com)
[debug] [2023-01-04T16:47:33.133Z] [iam] checking project university-finder-aba0c for permissions ["firebase.projects.get","firebasehosting.sites.update"]
[debug] [2023-01-04T16:47:33.137Z] >>> [apiv2][query] POST https://cloudresourcemanager.googleapis.com/v1/projects/university-finder-aba0c:testIamPermissions [none]
[debug] [2023-01-04T16:47:33.138Z] >>> [apiv2][(partial)header] POST https://cloudresourcemanager.googleapis.com/v1/projects/university-finder-aba0c:testIamPermissions x-goog-quota-user=projects/university-finder-aba0c
[debug] [2023-01-04T16:47:33.138Z] >>> [apiv2][body] POST https://cloudresourcemanager.googleapis.com/v1/projects/university-finder-aba0c:testIamPermissions {"permissions":["firebase.projects.get","firebasehosting.sites.update"]}
[debug] [2023-01-04T16:47:41.239Z] <<< [apiv2][status] POST https://cloudresourcemanager.googleapis.com/v1/projects/university-finder-aba0c:testIamPermissions 200
[debug] [2023-01-04T16:47:41.240Z] <<< [apiv2][body] POST https://cloudresourcemanager.googleapis.com/v1/projects/university-finder-aba0c:testIamPermissions {"permissions":["firebase.projects.get","firebasehosting.sites.update"]}
[debug] [2023-01-04T16:47:41.241Z] >>> [apiv2][query] GET https://firebase.googleapis.com/v1beta1/projects/university-finder-aba0c [none]
[debug] [2023-01-04T16:47:42.432Z] <<< [apiv2][status] GET https://firebase.googleapis.com/v1beta1/projects/university-finder-aba0c 200
[debug] [2023-01-04T16:47:42.433Z] <<< [apiv2][body] GET https://firebase.googleapis.com/v1beta1/projects/university-finder-aba0c {"projectId":"university-finder-aba0c","projectNumber":"1087828379692","displayName":"University Finder","name":"projects/university-finder-aba0c","resources":{"hostingSite":"university-finder-aba0c","realtimeDatabaseInstance":"university-finder-aba0c-default-rtdb","storageBucket":"university-finder-aba0c.appspot.com","locationId":"us-central"},"state":"ACTIVE","etag":"1_eadfdcb8-f4cb-45ff-93df-f122ac0d07c2"}
[info] 
[info] === Deploying to 'university-finder-aba0c'...
[info] 
[info] i  deploying hosting 
[debug] [2023-01-04T16:47:42.444Z] >>> [apiv2][query] POST https://firebasehosting.googleapis.com/v1beta1/projects/-/sites/university-finder-aba0c/versions [none]
[debug] [2023-01-04T16:47:42.444Z] >>> [apiv2][body] POST https://firebasehosting.googleapis.com/v1beta1/projects/-/sites/university-finder-aba0c/versions {"status":"CREATED","labels":{"deployment-tool":"cli-firebase"}}
[debug] [2023-01-04T16:47:45.465Z] <<< [apiv2][status] POST https://firebasehosting.googleapis.com/v1beta1/projects/-/sites/university-finder-aba0c/versions 200
[debug] [2023-01-04T16:47:45.465Z] <<< [apiv2][body] POST https://firebasehosting.googleapis.com/v1beta1/projects/-/sites/university-finder-aba0c/versions {"name":"projects/1087828379692/sites/university-finder-aba0c/versions/7b7d394f55a7bc5f","status":"CREATED","config":{},"labels":{"deployment-tool":"cli-firebase"}}
[info] i  hosting[university-finder-aba0c]: beginning deploy... 
[info] i  hosting[university-finder-aba0c]: found 72 files in build 
[debug] [2023-01-04T16:47:45.514Z] [hosting] uploading with 200 concurrency
[debug] [2023-01-04T16:47:45.540Z] [hosting] hash cache [YnVpbGQ] stored for 72 files
[debug] [2023-01-04T16:47:45.542Z] [hosting][hash queue][FINAL] {"max":13,"min":0,"avg":1.0685158235755252,"active":0,"complete":72,"success":72,"errored":0,"retried":0,"total":72,"elapsed":23}
[debug] [2023-01-04T16:47:45.546Z] >>> [apiv2][query] POST https://firebasehosting.googleapis.com/v1beta1/projects/1087828379692/sites/university-finder-aba0c/versions/7b7d394f55a7bc5f:populateFiles [none]
[debug] [2023-01-04T16:47:45.546Z] >>> [apiv2][body] POST https://firebasehosting.googleapis.com/v1beta1/projects/1087828379692/sites/university-finder-aba0c/versions/7b7d394f55a7bc5f:populateFiles {"files":{"/asset-manifest.json":"76b5c8d760b7d8f9d68af03277a3ab9bf2a7ab17b07c148fc300e93f7c95ca26","/favicon.ico":"476bfb64c20a2bd3ad86c2a6d2ce87446f13efa42adf31c75382b07e8686c5ed","/index.html":"0940c02bb6eae8fa10d742a4cbc04a9feb1d8817864747e4c5f7c97bcc12ea3a","/manifest.json":"ce9487bd20aac28c91ceae37841d1031326e096cd1825d0d78af522a6a5923f4","/static/css/main.d938e072.css":"c3963ec17c7189836e88457092fb1fa3ab35e31c12d0c6dae818f6c5ac51a426","/static/css/main.d938e072.css.map":"dc666c928e5e25baadfb9e6c5233ea46c6d74b27b195d315ba231d0db49f7b7d","/static/js/main.05350608.js":"16716a7f79ad81352a5d4bad1b51dea412fa2041c7de2b461c5991d738d75ac7","/static/js/main.05350608.js.LICENSE.txt":"4e5bc98c032f2c40f831c7e8d7f50e69c032f456c7d610278ac97e5ee1c419ea","/static/js/main.05350608.js.map":"9023af655956408f2cad0b2dc6b8ef5e8dbee2dc5977e942cbfe5ae26715e90b","/static/media/unis.eb37269b5d4c74ba1e51.png":"e24044c7bbf857a38c6b7da5142704b2c4824e655fe866bd1665e9a08d6bfb77","/Upload/09y9n4UY_400x400.jpg":"d32bb777b54e03cb0dbf7c36ab42611ce61c01e1007d3f80579139ed8d0fb517","/Upload/1.PNG":"180bdc72061ab65c545afeafc61173b7ca2d66cf39c9fcf694852c04233359e3","/Upload/11-IMG_0678-1-800x533.jpg":"c4eccbc9e6f1e96cf3cac8443d95105505ea3eea696eaa4907755cebb5fff932","/Upload/1111.PNG":"4dedff7e6795e85072616c1c056893face8b942c0dd0854dd20d73483e8096ed","/Upload/1440.PNG":"510611736dca3b6ad66f9e02f3fc1cd31143c3f30e988eef50287835b90d753b","/Upload/1920 in 1080.PNG":"6f1ad403000d904b6bacbd4d2ebc5ab8654bbb9a6acff73574063fef6542f915","/Upload/3b7c5210-9b8a-4f8f-81aa-41b9fbf45226.sized-1000x1000.avif":"f4a335926309e4799bf4de087005e03dff737ae65f738ae9e0b70ae497fa36f3","/Upload/a.jfif":"9ab52a35868e928d707e1a3850d82830a658b224c4a90afae6f8f0b532668292","/Upload/aa.png":"1fc5afe4819b78524c569e12b0c188d7c0f7cf4432d1ae6502ed27eaf84ad026","/Upload/alonso-reyes-haZNHEV2WXQ-unsplash.jpg":"adfa4f3cc966670629ad370df28853c3f9a46f386b0d2b6fd90ccb5f58cda52d","/Upload/aprender.PNG":"b2da8935d58578b8e958d456eaf25b48a0e88ee67eb48d9b4346e17dcf016241","/Upload/asd.jpg":"adfa4f3cc966670629ad370df28853c3f9a46f386b0d2b6fd90ccb5f58cda52d","/Upload/asdasdsa.jpg":"703317c109088b990c3fd7db4f1e663dca7e0744af73120ca7a919d4f4d5293f","/Upload/breakfast.jpg":"deb5a605c7f91a1e08ac6cefd2a2ed33c21883dfcf72cd8d4d257e12a156381e","/Upload/buttontext.PNG":"520cfec78591c98d949bad78df876393b61d2cb497a43bd9d288841808d95e0d","/Upload/Capture`1.PNG":"e68478c37ba053ee6f0b441fd6d48f0b40f718b9c49713906c2ff24368983863","/Upload/cateringsss.jpg":"dad28cdd2d23115f59d5e0d71cab9202035fefb50b97c0c33f515a32ed6bc33c","/Upload/chart1.PNG":"e4958cad252ad0ce0bb2e2b9cb2bd1d0264060b6ac765d2ce9bd783ad1cb9745","/Upload/chrome_screenshot_1669231598715.png":"43bb072ff2b76f4e78219f338689a624f20a8b2bab390ea702d95b182a7026f2","/Upload/cui.jpg":"442f9128fdb2b62f95f857474bab725d8e13dae9efcb0801ba7e9b385150996f","/Upload/dinner.jpg":"f042327a6f6f30112e3f313642e853e43d11fcf4b19fc37334c91dd2bfbe8a32","/Upload/download (1).jpg":"7c0dcfbba942d3bb84c7a09a81aa8f63b8d99e2dc71dc2817e295a59e4fa980f","/Upload/download (1).png":"00fc7b2668cc0bef82f7e9ca57ccc312a6e44f8047d5b2d699f941751475d4d8","/Upload/download.jfif":"9b926cf0d72ac2f0f3c5f7f3a99c23f902c7d572757557644e1218315f3036c0","/Upload/download.png":"58c431e0c32f7cb054f8e7f1413f3daa8a12cbc4dee02004ef62e28490d93009","/Upload/Dow_University_of_Health_Sciences.jpg":"1bc9d7b1672ca48bb9729b269b82a24b66a742e2e69e122ea8cb4e2e696a3e92","/Upload/duet_logo-300x227.png":"ebb06a79e1f591b84450b7e04398f385761f6ac882a5283ba47098b22dc400f7","/Upload/fds.jpg":"933c71d5fa007be23a019bf5cdbc467224eabced8a28cfa4a6ba2efde0d1f196","/Upload/federal-urdu-university-logo-8705438141-seeklogo.webp":"daad2b9562b32569f540282b8ffe2da2a762a83a358ed6b26cbd36beb40e6342","/Upload/hello.jpg":"3e4d440845a023dff4e401225e8aa1596c98b4cd287bd872fdb9eee4332815b9","/Upload/hp-giftguidetile-hybrid-11012022-large.jpg":"54c8bccc3aca985a28be1b92b746c4bd2d0472d2be9897b557aa2b1426abb8fe","/Upload/Image.jpg":"adfa4f3cc966670629ad370df28853c3f9a46f386b0d2b6fd90ccb5f58cda52d","/Upload/images (1).jfif":"6abeba33a7d1bc3542dabb009fcd3c3cd5a6ad42fabdbf3e8428d2e6dbe161c2","/Upload/images.jfif":"80d41801573c9a40f1d9ee8a13287dd633518e8362708b2cb81b94f748cfa410","/Upload/images.png":"1bc47a6d8076c7f957d930a37e9d29184db48aeba3c7da5a408ff6a0cadcf3cf","/Upload/in.png":"6e9ce57760c4161e2ef353e30faf5b2e5e445151121d6ac1fce42b2579c177c3","/Upload/jugar.PNG":"a764d257442be632828214a2a68e7ef9357ea7728949723664bc0ce9bf1ed114","/Upload/ksdofdkm.png":"1fc5afe4819b78524c569e12b0c188d7c0f7cf4432d1ae6502ed27eaf84ad026","/Upload/ldkfmvkm.jfif":"9ab52a35868e928d707e1a3850d82830a658b224c4a90afae6f8f0b532668292","/Upload/localhost_3001_superadmin_pageSetting (5).png":"e02c4175c207274460a33bb6a826d4cd20321a11e365d6db8827f740e5580adb","/Upload/log.PNG":"a2ed8741f13543d95214be12c510c2631858a8466336f3098cf30f0531fb8f08","/Upload/manual.PNG":"1e6c3c0dcafba4d168e4318a69cd371607d93479a873a87c0a1ccdbe7aaa214e","/Upload/medical.png":"82eb5335d605a0e3337a5aace4d8c23bc4f50245cc29a95b4307090e43d238da","/Upload/order.PNG":"5d6bf05c7976ae9e3364efb1c703552f16bc99835938602561e99cdd536d037b","/Upload/passw.PNG":"2aac58d28d3ed0dc84099537e5989cc74775727c4561a1c1c2477a28709abe00","/Upload/patient record.PNG":"6c7a51d129b90edfb2f3d4f93ae25b6af0b62083630a246eabfb5c515cd0bbfd","/Upload/radiation-removebg-preview.png":"dfb571f567bb64902c1edbe5d8e16fc42cd148d25039354d2131674cfd9d4321","/Upload/sable.jpg":"fc3902fc73d206e9e1cd97a1f1f51a48c41280f46641f8b8f2c158a42142ff3f","/Upload/sdfsfsf.jpg":"df8bb15eb8459007391919303d54d9872f0654e047b51011dea211e771d89cb1","/Upload/sdlkfmm.jpg":"e9b10a485d851c51d9091937df2709c929b40813c37b6af5a782fe2760cac423","/Upload/tick-removebg-preview.png":"13173299509fe95c2f308493810812d13a3d5dead440a80d79feeffd10c4ac68","/Upload/tick.jpg":"e47dc74a0e278c08eefcceeb7d4cec5b38f652152e2fe250b96d697a821fa3d3","/Upload/top-20-best-small-universities-in-the-world-illustration.jpg":"c202884017fcf276ff6b6e6e01a7cef438e6d711eb13395610dea59ec2cacd06","/Upload/tyyyy.PNG":"ed4538df83ab7920b114eb98cd9f75b0b214a924792cd519031a295b18b3c5e6","/Upload/uni.jpg":"e9042b9beb63557d5c788ae900f1296818ed7ddd9ba7a1cfa570a352c6d38e78","/Upload/unis.png":"e24044c7bbf857a38c6b7da5142704b2c4824e655fe866bd1665e9a08d6bfb77","/Upload/wallpaperflare.com_wallpaper (1).jpg":"230e07a02c5451ac36378989214775d7a7cbcb203f18cba331334580be9685d5","/Upload/wallpaperflare.com_wallpaper (2).jpg":"9f0b554b04881838ff22a785e7f809a430950c8116c39c4897cd13d7f1320447","/Upload/Webp.net-compress-image.jpg":"0ca59063c6ac075ec04af9977a83ce60cb6d63c3b2f7b241b0d8e6656917c36d","/Upload/wil-stewart-pHANr-CpbYM-unsplash.jpg":"6b53c84917ee4dc7ceb325e9ec4788757b2d6d1c125cc9080839ed74d1a0266a","/Upload/xcv.jpg":"2baee301eca9b230aa66c71c7d25e7f5b8a48879aff9cfb86bad876ce388035f","/Upload/youtube2.PNG":"959aadf280b522b12b9acbb5f8b4e0826fda9653c8d7e2af30814fa7c764bfd9"}}
[debug] [2023-01-04T16:47:47.733Z] <<< [apiv2][status] POST https://firebasehosting.googleapis.com/v1beta1/projects/1087828379692/sites/university-finder-aba0c/versions/7b7d394f55a7bc5f:populateFiles 200
[debug] [2023-01-04T16:47:47.733Z] <<< [apiv2][body] POST https://firebasehosting.googleapis.com/v1beta1/projects/1087828379692/sites/university-finder-aba0c/versions/7b7d394f55a7bc5f:populateFiles {"uploadUrl":"https://upload-firebasehosting.googleapis.com/upload/sites/university-finder-aba0c/versions/7b7d394f55a7bc5f/files"}
[debug] [2023-01-04T16:47:47.733Z] [hosting][populate queue][FINAL] {"max":2198,"min":2198,"avg":2198,"active":0,"complete":1,"success":1,"errored":0,"retried":0,"total":1,"elapsed":2198}
[debug] [2023-01-04T16:47:47.734Z] [hosting] uploads queued: 0
[debug] [2023-01-04T16:47:47.734Z] [hosting][upload queue][FINAL] {"max":0,"min":9999999999,"avg":0,"active":0,"complete":0,"success":0,"errored":0,"retried":0,"total":0,"elapsed":1672850867734}
[info] +  hosting[university-finder-aba0c]: file upload complete 
[debug] [2023-01-04T16:47:47.737Z] [hosting] deploy completed after 2269ms
[debug] [2023-01-04T16:47:47.740Z] [
  {
    "config": {
      "public": "build",
      "ignore": [
        "firebase.json",
        "**/.*",
        "**/node_modules/**"
      ],
      "rewrites": [
        {
          "source": "**",
          "destination": "/index.html"
        }
      ],
      "site": "university-finder-aba0c"
    },
    "version": "projects/1087828379692/sites/university-finder-aba0c/versions/7b7d394f55a7bc5f"
  }
]
[info] i  hosting[university-finder-aba0c]: finalizing version... 
[debug] [2023-01-04T16:47:47.745Z] >>> [apiv2][query] PATCH https://firebasehosting.googleapis.com/v1beta1/projects/-/sites/university-finder-aba0c/versions/7b7d394f55a7bc5f updateMask=status%2Cconfig
[debug] [2023-01-04T16:47:47.745Z] >>> [apiv2][body] PATCH https://firebasehosting.googleapis.com/v1beta1/projects/-/sites/university-finder-aba0c/versions/7b7d394f55a7bc5f {"status":"FINALIZED","config":{"rewrites":[{"glob":"**","path":"/index.html"}]}}
[debug] [2023-01-04T16:47:49.895Z] <<< [apiv2][status] PATCH https://firebasehosting.googleapis.com/v1beta1/projects/-/sites/university-finder-aba0c/versions/7b7d394f55a7bc5f 200
[debug] [2023-01-04T16:47:49.895Z] <<< [apiv2][body] PATCH https://firebasehosting.googleapis.com/v1beta1/projects/-/sites/university-finder-aba0c/versions/7b7d394f55a7bc5f {"name":"projects/1087828379692/sites/university-finder-aba0c/versions/7b7d394f55a7bc5f","status":"FINALIZED","config":{"rewrites":[{"glob":"**","path":"/index.html"}]},"labels":{"deployment-tool":"cli-firebase"},"createTime":"2023-01-04T16:47:46.116132Z","createUser":{"email":"gujjarahsan87@gmail.com"},"finalizeTime":"2023-01-04T16:47:50.514040Z","finalizeUser":{"email":"gujjarahsan87@gmail.com"}}
[debug] [2023-01-04T16:47:49.895Z] [hosting] finalized version for university-finder-aba0c:[object Object]
[info] +  hosting[university-finder-aba0c]: version finalized 
[info] i  hosting[university-finder-aba0c]: releasing new version... 
[debug] [2023-01-04T16:47:49.897Z] >>> [apiv2][query] POST https://firebasehosting.googleapis.com/v1beta1/projects/-/sites/university-finder-aba0c/channels/live/releases versionName=projects%2F1087828379692%2Fsites%2Funiversity-finder-aba0c%2Fversions%2F7b7d394f55a7bc5f
[debug] [2023-01-04T16:47:49.897Z] >>> [apiv2][body] POST https://firebasehosting.googleapis.com/v1beta1/projects/-/sites/university-finder-aba0c/channels/live/releases {}
[debug] [2023-01-04T16:47:51.676Z] <<< [apiv2][status] POST https://firebasehosting.googleapis.com/v1beta1/projects/-/sites/university-finder-aba0c/channels/live/releases 200
[debug] [2023-01-04T16:47:51.676Z] <<< [apiv2][body] POST https://firebasehosting.googleapis.com/v1beta1/projects/-/sites/university-finder-aba0c/channels/live/releases {"name":"projects/1087828379692/sites/university-finder-aba0c/channels/live/releases/1672850872051667","version":{"name":"projects/1087828379692/sites/university-finder-aba0c/versions/7b7d394f55a7bc5f","status":"FINALIZED","config":{"rewrites":[{"glob":"**","path":"/index.html"}]},"labels":{"deployment-tool":"cli-firebase"},"createTime":"2023-01-04T16:47:46.116132Z","createUser":{"email":"gujjarahsan87@gmail.com","imageUrl":"https://lh3.googleusercontent.com/a/AEdFTp7Q8hUmEUHwwzBuqdXTa0aHu2GQW16x7sQscojHgw"},"finalizeTime":"2023-01-04T16:47:50.514040Z","finalizeUser":{"email":"gujjarahsan87@gmail.com","imageUrl":"https://lh3.googleusercontent.com/a/AEdFTp7Q8hUmEUHwwzBuqdXTa0aHu2GQW16x7sQscojHgw"}},"type":"DEPLOY","releaseTime":"2023-01-04T16:47:52.051667057Z","releaseUser":{"email":"gujjarahsan87@gmail.com","imageUrl":"https://lh3.googleusercontent.com/a/AEdFTp7Q8hUmEUHwwzBuqdXTa0aHu2GQW16x7sQscojHgw"}}
[debug] [2023-01-04T16:47:51.676Z] [hosting] release: {"name":"projects/1087828379692/sites/university-finder-aba0c/channels/live/releases/1672850872051667","version":{"name":"projects/1087828379692/sites/university-finder-aba0c/versions/7b7d394f55a7bc5f","status":"FINALIZED","config":{"rewrites":[{"glob":"**","path":"/index.html"}]},"labels":{"deployment-tool":"cli-firebase"},"createTime":"2023-01-04T16:47:46.116132Z","createUser":{"email":"gujjarahsan87@gmail.com","imageUrl":"https://lh3.googleusercontent.com/a/AEdFTp7Q8hUmEUHwwzBuqdXTa0aHu2GQW16x7sQscojHgw"},"finalizeTime":"2023-01-04T16:47:50.514040Z","finalizeUser":{"email":"gujjarahsan87@gmail.com","imageUrl":"https://lh3.googleusercontent.com/a/AEdFTp7Q8hUmEUHwwzBuqdXTa0aHu2GQW16x7sQscojHgw"}},"type":"DEPLOY","releaseTime":"2023-01-04T16:47:52.051667057Z","releaseUser":{"email":"gujjarahsan87@gmail.com","imageUrl":"https://lh3.googleusercontent.com/a/AEdFTp7Q8hUmEUHwwzBuqdXTa0aHu2GQW16x7sQscojHgw"}}
[info] +  hosting[university-finder-aba0c]: release complete 
[info] 
[info] +  Deploy complete! 
[info] 
[info] Project Console: https://console.firebase.google.com/project/university-finder-aba0c/overview
[info] Hosting URL: https://university-finder-aba0c.web.app
[debug] [2023-01-04T16:47:59.929Z] Error: Timed out.
    at Timeout.<anonymous> (C:\Users\Administrator\AppData\Roaming\npm\node_modules\firebase-tools\lib\utils.js:253:49)
    at listOnTimeout (node:internal/timers:557:17)
    at processTimers (node:internal/timers:500:7)
[error] 
[error] Error: An unexpected error has occurred.
